d:\opengl\opengl\x64\debug\vc142.pdb
d:\opengl\opengl\x64\debug\vc142.idb
d:\opengl\opengl\x64\debug\glad.obj
d:\opengl\opengl\x64\debug\vbo.obj
d:\opengl\opengl\x64\debug\vao.obj
d:\opengl\opengl\x64\debug\shaderclass.obj
d:\opengl\opengl\x64\debug\main.obj
d:\opengl\opengl\x64\debug\ebo.obj
d:\opengl\opengl\x64\debug\stb.obj
d:\opengl\opengl\x64\debug\opengl.tlog\cl.command.1.tlog
d:\opengl\opengl\x64\debug\opengl.tlog\cl.read.1.tlog
d:\opengl\opengl\x64\debug\opengl.tlog\cl.write.1.tlog
d:\opengl\opengl\x64\debug\opengl.tlog\link-cvtres.read.1.tlog
d:\opengl\opengl\x64\debug\opengl.tlog\link-cvtres.write.1.tlog
d:\opengl\opengl\x64\debug\opengl.tlog\link-rc.read.1.tlog
d:\opengl\opengl\x64\debug\opengl.tlog\link-rc.write.1.tlog
d:\opengl\opengl\x64\debug\opengl.tlog\link.7336-cvtres.read.1.tlog
d:\opengl\opengl\x64\debug\opengl.tlog\link.7336-cvtres.write.1.tlog
d:\opengl\opengl\x64\debug\opengl.tlog\link.7336-rc.read.1.tlog
d:\opengl\opengl\x64\debug\opengl.tlog\link.7336-rc.write.1.tlog
d:\opengl\opengl\x64\debug\opengl.tlog\link.7336.read.1.tlog
d:\opengl\opengl\x64\debug\opengl.tlog\link.7336.write.1.tlog
d:\opengl\opengl\x64\debug\opengl.tlog\link.command.1.tlog
d:\opengl\opengl\x64\debug\opengl.tlog\link.read.1.tlog
d:\opengl\opengl\x64\debug\opengl.tlog\link.write.1.tlog
